
Automatic commit Tue Oct 25 11:58:21 2022
Automatic commit Thu Dec 22 16:36:28 2022
Automatic commit Fri Dec 23 12:19:21 2022
Automatic commit Sat Dec 24 12:19:20 2022
Automatic commit Sun Dec 25 12:19:19 2022
Automatic commit Mon Dec 26 12:19:20 2022
Automatic commit Tue Dec 27 12:19:20 2022
Automatic commit Wed Dec 28 12:19:21 2022
Automatic commit Thu Dec 29 12:19:20 2022
Automatic commit Fri Dec 30 12:19:20 2022
Automatic commit Sat Dec 31 12:19:19 2022
Automatic commit Sun Jan  1 12:19:19 2023
Automatic commit Mon Jan  2 12:19:20 2023
Automatic commit Tue Jan  3 12:19:21 2023
Automatic commit Wed Jan  4 12:19:22 2023
Automatic commit Thu Jan  5 12:19:22 2023
Automatic commit Fri Jan  6 12:19:25 2023
Automatic commit Sat Jan  7 12:19:20 2023
Automatic commit Sun Jan  8 12:19:20 2023
Automatic commit Mon Jan  9 12:19:23 2023
Automatic commit Tue Jan 10 12:19:26 2023
Automatic commit Wed Jan 11 12:19:25 2023
Automatic commit Thu Jan 12 12:19:28 2023
Automatic commit Fri Jan 13 12:19:36 2023
Automatic commit Sat Jan 14 12:19:21 2023
Automatic commit Sun Jan 15 12:19:30 2023